<?xml version="1.0" encoding="UTF-8"?>
<testng-results ignored="0" total="1" passed="1" failed="0" skipped="0">
  <reporter-output>
  </reporter-output>
  <suite started-at="2024-07-20T18:33:03 IST" name="Default suite" finished-at="2024-07-20T18:33:05 IST" duration-ms="1922">
    <groups>
      <group name="cucumber">
        <method signature="AbstractTestNGCucumberTests.runScenario(io.cucumber.testng.PickleWrapper,io.cucumber.testng.FeatureWrapper)[pri:0, instance:chat.automation.Template.runner.TemplateTestRunner@7586beff]" name="runScenario" class="io.cucumber.testng.AbstractTestNGCucumberTests"/>
      </group> <!-- cucumber -->
    </groups>
    <test started-at="2024-07-20T18:33:03 IST" name="Default test" finished-at="2024-07-20T18:33:05 IST" duration-ms="1922">
      <class name="chat.automation.Template.runner.TemplateTestRunner">
        <test-method is-config="true" signature="setUpClass(org.testng.ITestContext)[pri:0, instance:chat.automation.Template.runner.TemplateTestRunner@7586beff]" started-at="2024-07-20T18:33:04 IST" name="setUpClass" finished-at="2024-07-20T18:33:05 IST" duration-ms="406" status="PASS">
          <params>
            <param index="0">
              <value>
                <![CDATA[org.testng.TestRunner@37468787]]>
              </value>
            </param>
          </params>
          <reporter-output>
          </reporter-output>
        </test-method> <!-- setUpClass -->
        <test-method signature="runScenario(io.cucumber.testng.PickleWrapper,io.cucumber.testng.FeatureWrapper)[pri:0, instance:chat.automation.Template.runner.TemplateTestRunner@7586beff]" started-at="2024-07-20T18:33:05 IST" name="runScenario" description="Runs Cucumber Scenarios" data-provider="scenarios" finished-at="2024-07-20T18:33:05 IST" duration-ms="393" status="PASS">
          <params>
            <param index="0">
              <value>
                <![CDATA["Click on a link in a LOV Table"]]>
              </value>
            </param>
            <param index="1">
              <value>
                <![CDATA["A test case in a Framework Template"]]>
              </value>
            </param>
          </params>
          <reporter-output>
          </reporter-output>
        </test-method> <!-- runScenario -->
        <test-method is-config="true" signature="tearDownClass()[pri:0, instance:chat.automation.Template.runner.TemplateTestRunner@7586beff]" started-at="2024-07-20T18:33:05 IST" name="tearDownClass" finished-at="2024-07-20T18:33:05 IST" duration-ms="16" status="PASS">
          <reporter-output>
          </reporter-output>
        </test-method> <!-- tearDownClass -->
      </class> <!-- chat.automation.Template.runner.TemplateTestRunner -->
    </test> <!-- Default test -->
  </suite> <!-- Default suite -->
</testng-results>
